warn The configuration property `package.json#prisma` is deprecated and will be removed in Prisma 7. Please migrate to a Prisma config file (e.g., `prisma.config.ts`).
For more information, see: https://pris.ly/prisma-config

Environment variables loaded from .env
[31m[Nest] 34156  - [39m2026/04/20 14:26:09 [31m  ERROR[39m [38;5;3m[GlobalHttpExceptionFilter] [39m[31mPOST /router/sessions/cmo6t9z1f0003hwcslx333f5w/stream/start failed[39m
ServiceUnavailableException: Dify request failed: connect ECONNREFUSED 192.168.10.253:3000
    at RouterService.generateAssistantReply (D:\OneDrive\桌面\opc1.1\opc\backend\src\router\router.service.ts:2345:17)
    at processTicksAndRejections (node:internal/process/task_queues:104:5)
    at async D:\OneDrive\桌面\opc1.1\opc\backend\src\router\router.service.ts:485:25
    at async RouterService.startStream (D:\OneDrive\桌面\opc1.1\opc\backend\src\router\router.service.ts:465:9)
    at async D:\OneDrive\桌面\opc1.1\opc\backend\node_modules\@nestjs\core\router\router-execution-context.js:46:28
    at async Object.<anonymous> (D:\OneDrive\桌面\opc1.1\opc\backend\node_modules\@nestjs\core\router\router-proxy.js:9:17)
[31m[Nest] 34156  - [39m2026/04/20 14:26:10 [31m  ERROR[39m [38;5;3m[GlobalHttpExceptionFilter] [39m[31mPOST /router/sessions/cmo6t9z1f0003hwcslx333f5w/stream/start failed[39m
ServiceUnavailableException: Dify is unavailable
    at RouterService.generateAssistantReply (D:\OneDrive\桌面\opc1.1\opc\backend\src\router\router.service.ts:2364:11)
    at async D:\OneDrive\桌面\opc1.1\opc\backend\src\router\router.service.ts:485:25
    at async RouterService.startStream (D:\OneDrive\桌面\opc1.1\opc\backend\src\router\router.service.ts:465:9)
    at async D:\OneDrive\桌面\opc1.1\opc\backend\node_modules\@nestjs\core\router\router-execution-context.js:46:28
    at async Object.<anonymous> (D:\OneDrive\桌面\opc1.1\opc\backend\node_modules\@nestjs\core\router\router-proxy.js:9:17)
[31m[Nest] 34156  - [39m2026/04/20 14:26:48 [31m  ERROR[39m [38;5;3m[RouterService] [39m[31mDify streaming worker failed (streamId=router-stream-a2e414d6-d46f-430b-b70b-a2a19231f528): Dify request failed: connect ECONNREFUSED 192.168.10.253:3000[39m
[31m[Nest] 34156  - [39m2026/04/20 14:32:08 [31m  ERROR[39m [38;5;3m[RouterService] [39m[31mDify streaming worker failed (streamId=router-stream-5e97c972-17fa-4f1e-ba61-05eea2e053c7): Dify request failed: connect ECONNREFUSED 192.168.10.253:3000[39m
[31m[Nest] 34156  - [39m2026/04/20 14:35:49 [31m  ERROR[39m [38;5;3m[GlobalHttpExceptionFilter] [39m[31mPOST /router/sessions/cmo6tmls700ophwcswmo33n9s/stream/start failed[39m
ServiceUnavailableException: Dify request failed: connect ECONNREFUSED 192.168.10.253:3000
    at RouterService.generateAssistantReply (D:\OneDrive\桌面\opc1.1\opc\backend\src\router\router.service.ts:2345:17)
    at processTicksAndRejections (node:internal/process/task_queues:104:5)
    at async D:\OneDrive\桌面\opc1.1\opc\backend\src\router\router.service.ts:485:25
    at async RouterService.startStream (D:\OneDrive\桌面\opc1.1\opc\backend\src\router\router.service.ts:465:9)
    at async D:\OneDrive\桌面\opc1.1\opc\backend\node_modules\@nestjs\core\router\router-execution-context.js:46:28
    at async Object.<anonymous> (D:\OneDrive\桌面\opc1.1\opc\backend\node_modules\@nestjs\core\router\router-proxy.js:9:17)
[31m[Nest] 34156  - [39m2026/04/20 14:35:49 [31m  ERROR[39m [38;5;3m[GlobalHttpExceptionFilter] [39m[31mPOST /router/sessions/cmo6tmls700ophwcswmo33n9s/stream/start failed[39m
ServiceUnavailableException: Dify is unavailable
    at RouterService.generateAssistantReply (D:\OneDrive\桌面\opc1.1\opc\backend\src\router\router.service.ts:2364:11)
    at async D:\OneDrive\桌面\opc1.1\opc\backend\src\router\router.service.ts:485:25
    at async RouterService.startStream (D:\OneDrive\桌面\opc1.1\opc\backend\src\router\router.service.ts:465:9)
    at async D:\OneDrive\桌面\opc1.1\opc\backend\node_modules\@nestjs\core\router\router-execution-context.js:46:28
    at async Object.<anonymous> (D:\OneDrive\桌面\opc1.1\opc\backend\node_modules\@nestjs\core\router\router-proxy.js:9:17)
[31m[Nest] 34156  - [39m2026/04/20 14:36:35 [31m  ERROR[39m [38;5;3m[GlobalHttpExceptionFilter] [39m[31mPOST /router/sessions/cmo6tmls700ophwcswmo33n9s/quick-reply failed[39m
ServiceUnavailableException: Dify is unavailable
    at RouterService.generateAssistantReply (D:\OneDrive\桌面\opc1.1\opc\backend\src\router\router.service.ts:2364:11)
    at async D:\OneDrive\桌面\opc1.1\opc\backend\src\router\router.service.ts:485:25
    at async RouterService.startStream (D:\OneDrive\桌面\opc1.1\opc\backend\src\router\router.service.ts:465:9)
    at async D:\OneDrive\桌面\opc1.1\opc\backend\node_modules\@nestjs\core\router\router-execution-context.js:46:28
    at async Object.<anonymous> (D:\OneDrive\桌面\opc1.1\opc\backend\node_modules\@nestjs\core\router\router-proxy.js:9:17)
[31m[Nest] 34156  - [39m2026/04/20 14:36:35 [31m  ERROR[39m [38;5;3m[GlobalHttpExceptionFilter] [39m[31mPOST /router/sessions/cmo6tmls700ophwcswmo33n9s/quick-reply failed[39m
ServiceUnavailableException: Dify is unavailable
    at RouterService.generateAssistantReply (D:\OneDrive\桌面\opc1.1\opc\backend\src\router\router.service.ts:2364:11)
    at async D:\OneDrive\桌面\opc1.1\opc\backend\src\router\router.service.ts:485:25
    at async RouterService.startStream (D:\OneDrive\桌面\opc1.1\opc\backend\src\router\router.service.ts:465:9)
    at async D:\OneDrive\桌面\opc1.1\opc\backend\node_modules\@nestjs\core\router\router-execution-context.js:46:28
    at async Object.<anonymous> (D:\OneDrive\桌面\opc1.1\opc\backend\node_modules\@nestjs\core\router\router-proxy.js:9:17)
[31m[Nest] 34156  - [39m2026/04/20 14:48:22 [31m  ERROR[39m [38;5;3m[RouterService] [39m[31mDify streaming worker failed (streamId=router-stream-0bb74215-8e09-4151-82f0-28c89179f52e): Dify request failed: Cannot POST /v1/chat-messages[39m
[31m[Nest] 34156  - [39m2026/04/20 14:48:25 [31m  ERROR[39m [38;5;3m[GlobalHttpExceptionFilter] [39m[31mPOST /router/sessions/cmo6tsorb00pdhwcsisrjviaq/stream/start failed[39m
ServiceUnavailableException: Dify request failed: Cannot POST /v1/chat-messages
    at RouterService.generateAssistantReply (D:\OneDrive\桌面\opc1.1\opc\backend\src\router\router.service.ts:2345:17)
    at processTicksAndRejections (node:internal/process/task_queues:104:5)
    at async D:\OneDrive\桌面\opc1.1\opc\backend\src\router\router.service.ts:485:25
    at async RouterService.startStream (D:\OneDrive\桌面\opc1.1\opc\backend\src\router\router.service.ts:465:9)
    at async D:\OneDrive\桌面\opc1.1\opc\backend\node_modules\@nestjs\core\router\router-execution-context.js:46:28
    at async Object.<anonymous> (D:\OneDrive\桌面\opc1.1\opc\backend\node_modules\@nestjs\core\router\router-proxy.js:9:17)
[31m[Nest] 34156  - [39m2026/04/20 14:48:25 [31m  ERROR[39m [38;5;3m[GlobalHttpExceptionFilter] [39m[31mPOST /router/sessions/cmo6tsorb00pdhwcsisrjviaq/stream/start failed[39m
ServiceUnavailableException: Dify request failed: Cannot POST /v1/chat-messages
    at RouterService.generateAssistantReply (D:\OneDrive\桌面\opc1.1\opc\backend\src\router\router.service.ts:2345:17)
    at processTicksAndRejections (node:internal/process/task_queues:104:5)
    at async D:\OneDrive\桌面\opc1.1\opc\backend\src\router\router.service.ts:485:25
    at async RouterService.startStream (D:\OneDrive\桌面\opc1.1\opc\backend\src\router\router.service.ts:465:9)
    at async D:\OneDrive\桌面\opc1.1\opc\backend\node_modules\@nestjs\core\router\router-execution-context.js:46:28
    at async Object.<anonymous> (D:\OneDrive\桌面\opc1.1\opc\backend\node_modules\@nestjs\core\router\router-proxy.js:9:17)
[31m[Nest] 34156  - [39m2026/04/20 14:48:44 [31m  ERROR[39m [38;5;3m[GlobalHttpExceptionFilter] [39m[31mPOST /router/sessions/cmo6tsorb00pdhwcsisrjviaq/stream/start failed[39m
ServiceUnavailableException: Dify request failed: Cannot POST /v1/chat-messages
    at RouterService.generateAssistantReply (D:\OneDrive\桌面\opc1.1\opc\backend\src\router\router.service.ts:2345:17)
    at processTicksAndRejections (node:internal/process/task_queues:104:5)
    at async D:\OneDrive\桌面\opc1.1\opc\backend\src\router\router.service.ts:485:25
    at async RouterService.startStream (D:\OneDrive\桌面\opc1.1\opc\backend\src\router\router.service.ts:465:9)
    at async D:\OneDrive\桌面\opc1.1\opc\backend\node_modules\@nestjs\core\router\router-execution-context.js:46:28
    at async Object.<anonymous> (D:\OneDrive\桌面\opc1.1\opc\backend\node_modules\@nestjs\core\router\router-proxy.js:9:17)
[31m[Nest] 34156  - [39m2026/04/20 14:48:44 [31m  ERROR[39m [38;5;3m[GlobalHttpExceptionFilter] [39m[31mPOST /router/sessions/cmo6tsorb00pdhwcsisrjviaq/stream/start failed[39m
ServiceUnavailableException: Dify request failed: Cannot POST /v1/chat-messages
    at RouterService.generateAssistantReply (D:\OneDrive\桌面\opc1.1\opc\backend\src\router\router.service.ts:2345:17)
    at processTicksAndRejections (node:internal/process/task_queues:104:5)
    at async D:\OneDrive\桌面\opc1.1\opc\backend\src\router\router.service.ts:485:25
    at async RouterService.startStream (D:\OneDrive\桌面\opc1.1\opc\backend\src\router\router.service.ts:465:9)
    at async D:\OneDrive\桌面\opc1.1\opc\backend\node_modules\@nestjs\core\router\router-execution-context.js:46:28
    at async Object.<anonymous> (D:\OneDrive\桌面\opc1.1\opc\backend\node_modules\@nestjs\core\router\router-proxy.js:9:17)
[31m[Nest] 34156  - [39m2026/04/20 14:55:18 [31m  ERROR[39m [38;5;3m[GlobalHttpExceptionFilter] [39m[31mPOST /router/sessions/cmo6ubofs01hhhwcskw9kq19o/stream/start failed[39m
ServiceUnavailableException: Dify request failed: Cannot POST /v1/chat-messages
    at RouterService.generateAssistantReply (D:\OneDrive\桌面\opc1.1\opc\backend\src\router\router.service.ts:2345:17)
    at processTicksAndRejections (node:internal/process/task_queues:104:5)
    at async D:\OneDrive\桌面\opc1.1\opc\backend\src\router\router.service.ts:485:25
    at async RouterService.startStream (D:\OneDrive\桌面\opc1.1\opc\backend\src\router\router.service.ts:465:9)
    at async D:\OneDrive\桌面\opc1.1\opc\backend\node_modules\@nestjs\core\router\router-execution-context.js:46:28
    at async Object.<anonymous> (D:\OneDrive\桌面\opc1.1\opc\backend\node_modules\@nestjs\core\router\router-proxy.js:9:17)
[31m[Nest] 34156  - [39m2026/04/20 14:55:19 [31m  ERROR[39m [38;5;3m[GlobalHttpExceptionFilter] [39m[31mPOST /router/sessions/cmo6ubofs01hhhwcskw9kq19o/stream/start failed[39m
ServiceUnavailableException: Dify request failed: Cannot POST /v1/chat-messages
    at RouterService.generateAssistantReply (D:\OneDrive\桌面\opc1.1\opc\backend\src\router\router.service.ts:2345:17)
    at processTicksAndRejections (node:internal/process/task_queues:104:5)
    at async D:\OneDrive\桌面\opc1.1\opc\backend\src\router\router.service.ts:485:25
    at async RouterService.startStream (D:\OneDrive\桌面\opc1.1\opc\backend\src\router\router.service.ts:465:9)
    at async D:\OneDrive\桌面\opc1.1\opc\backend\node_modules\@nestjs\core\router\router-execution-context.js:46:28
    at async Object.<anonymous> (D:\OneDrive\桌面\opc1.1\opc\backend\node_modules\@nestjs\core\router\router-proxy.js:9:17)
