warn The configuration property `package.json#prisma` is deprecated and will be removed in Prisma 7. Please migrate to a Prisma config file (e.g., `prisma.config.ts`).
For more information, see: https://pris.ly/prisma-config

Environment variables loaded from .env
[31m[Nest] 16344  - [39m2026/04/20 15:22:27 [31m  ERROR[39m [38;5;3m[GlobalHttpExceptionFilter] [39m[31mGET /router/streams/router-stream-3f9ec053-4f63-4838-b7e6-4ab344d2556c failed[39m
Error: Rate limit exceeded, retry in 45 seconds
    at Object.defaultErrorResponse (D:\OneDrive\桌面\opc1.1\opc\backend\node_modules\@fastify\rate-limit\index.js:32:15)
    at Object.<anonymous> (D:\OneDrive\桌面\opc1.1\opc\backend\node_modules\@fastify\rate-limit\index.js:333:18)
    at processTicksAndRejections (node:internal/process/task_queues:104:5)
[31m[Nest] 16344  - [39m2026/04/20 15:23:04 [31m  ERROR[39m [38;5;3m[GlobalHttpExceptionFilter] [39m[31mGET /share/preview failed[39m
Error: Rate limit exceeded, retry in 8 seconds
    at Object.defaultErrorResponse (D:\OneDrive\桌面\opc1.1\opc\backend\node_modules\@fastify\rate-limit\index.js:32:15)
    at Object.<anonymous> (D:\OneDrive\桌面\opc1.1\opc\backend\node_modules\@fastify\rate-limit\index.js:333:18)
    at processTicksAndRejections (node:internal/process/task_queues:104:5)
[31m[Nest] 16344  - [39m2026/04/20 15:23:04 [31m  ERROR[39m [38;5;3m[GlobalHttpExceptionFilter] [39m[31mPOST /share/caption failed[39m
Error: Rate limit exceeded, retry in 8 seconds
    at Object.defaultErrorResponse (D:\OneDrive\桌面\opc1.1\opc\backend\node_modules\@fastify\rate-limit\index.js:32:15)
    at Object.<anonymous> (D:\OneDrive\桌面\opc1.1\opc\backend\node_modules\@fastify\rate-limit\index.js:333:18)
[31m[Nest] 16344  - [39m2026/04/20 15:23:05 [31m  ERROR[39m [38;5;3m[GlobalHttpExceptionFilter] [39m[31mGET /share/preview failed[39m
Error: Rate limit exceeded, retry in 7 seconds
    at Object.defaultErrorResponse (D:\OneDrive\桌面\opc1.1\opc\backend\node_modules\@fastify\rate-limit\index.js:32:15)
    at Object.<anonymous> (D:\OneDrive\桌面\opc1.1\opc\backend\node_modules\@fastify\rate-limit\index.js:333:18)
    at processTicksAndRejections (node:internal/process/task_queues:104:5)
[31m[Nest] 16344  - [39m2026/04/20 15:23:05 [31m  ERROR[39m [38;5;3m[GlobalHttpExceptionFilter] [39m[31mPOST /share/caption failed[39m
Error: Rate limit exceeded, retry in 7 seconds
    at Object.defaultErrorResponse (D:\OneDrive\桌面\opc1.1\opc\backend\node_modules\@fastify\rate-limit\index.js:32:15)
    at Object.<anonymous> (D:\OneDrive\桌面\opc1.1\opc\backend\node_modules\@fastify\rate-limit\index.js:333:18)
[31m[Nest] 16344  - [39m2026/04/20 15:23:06 [31m  ERROR[39m [38;5;3m[GlobalHttpExceptionFilter] [39m[31mGET /share/preview failed[39m
Error: Rate limit exceeded, retry in 6 seconds
    at Object.defaultErrorResponse (D:\OneDrive\桌面\opc1.1\opc\backend\node_modules\@fastify\rate-limit\index.js:32:15)
    at Object.<anonymous> (D:\OneDrive\桌面\opc1.1\opc\backend\node_modules\@fastify\rate-limit\index.js:333:18)
    at processTicksAndRejections (node:internal/process/task_queues:104:5)
[31m[Nest] 16344  - [39m2026/04/20 15:23:06 [31m  ERROR[39m [38;5;3m[GlobalHttpExceptionFilter] [39m[31mPOST /share/caption failed[39m
Error: Rate limit exceeded, retry in 6 seconds
    at Object.defaultErrorResponse (D:\OneDrive\桌面\opc1.1\opc\backend\node_modules\@fastify\rate-limit\index.js:32:15)
    at Object.<anonymous> (D:\OneDrive\桌面\opc1.1\opc\backend\node_modules\@fastify\rate-limit\index.js:333:18)
[31m[Nest] 16344  - [39m2026/04/20 15:23:06 [31m  ERROR[39m [38;5;3m[GlobalHttpExceptionFilter] [39m[31mGET /share/preview failed[39m
Error: Rate limit exceeded, retry in 6 seconds
    at Object.defaultErrorResponse (D:\OneDrive\桌面\opc1.1\opc\backend\node_modules\@fastify\rate-limit\index.js:32:15)
    at Object.<anonymous> (D:\OneDrive\桌面\opc1.1\opc\backend\node_modules\@fastify\rate-limit\index.js:333:18)
    at processTicksAndRejections (node:internal/process/task_queues:104:5)
[31m[Nest] 16344  - [39m2026/04/20 15:23:06 [31m  ERROR[39m [38;5;3m[GlobalHttpExceptionFilter] [39m[31mPOST /share/caption failed[39m
Error: Rate limit exceeded, retry in 6 seconds
    at Object.defaultErrorResponse (D:\OneDrive\桌面\opc1.1\opc\backend\node_modules\@fastify\rate-limit\index.js:32:15)
    at Object.<anonymous> (D:\OneDrive\桌面\opc1.1\opc\backend\node_modules\@fastify\rate-limit\index.js:333:18)
[31m[Nest] 16344  - [39m2026/04/20 15:23:06 [31m  ERROR[39m [38;5;3m[GlobalHttpExceptionFilter] [39m[31mGET /share/preview failed[39m
Error: Rate limit exceeded, retry in 6 seconds
    at Object.defaultErrorResponse (D:\OneDrive\桌面\opc1.1\opc\backend\node_modules\@fastify\rate-limit\index.js:32:15)
    at Object.<anonymous> (D:\OneDrive\桌面\opc1.1\opc\backend\node_modules\@fastify\rate-limit\index.js:333:18)
    at processTicksAndRejections (node:internal/process/task_queues:104:5)
[31m[Nest] 16344  - [39m2026/04/20 15:23:06 [31m  ERROR[39m [38;5;3m[GlobalHttpExceptionFilter] [39m[31mPOST /share/caption failed[39m
Error: Rate limit exceeded, retry in 6 seconds
    at Object.defaultErrorResponse (D:\OneDrive\桌面\opc1.1\opc\backend\node_modules\@fastify\rate-limit\index.js:32:15)
    at Object.<anonymous> (D:\OneDrive\桌面\opc1.1\opc\backend\node_modules\@fastify\rate-limit\index.js:333:18)
[31m[Nest] 16344  - [39m2026/04/20 15:23:08 [31m  ERROR[39m [38;5;3m[GlobalHttpExceptionFilter] [39m[31mGET /share/preview failed[39m
Error: Rate limit exceeded, retry in 5 seconds
    at Object.defaultErrorResponse (D:\OneDrive\桌面\opc1.1\opc\backend\node_modules\@fastify\rate-limit\index.js:32:15)
    at Object.<anonymous> (D:\OneDrive\桌面\opc1.1\opc\backend\node_modules\@fastify\rate-limit\index.js:333:18)
    at processTicksAndRejections (node:internal/process/task_queues:104:5)
[31m[Nest] 16344  - [39m2026/04/20 15:23:08 [31m  ERROR[39m [38;5;3m[GlobalHttpExceptionFilter] [39m[31mPOST /share/caption failed[39m
Error: Rate limit exceeded, retry in 4 seconds
    at Object.defaultErrorResponse (D:\OneDrive\桌面\opc1.1\opc\backend\node_modules\@fastify\rate-limit\index.js:32:15)
    at Object.<anonymous> (D:\OneDrive\桌面\opc1.1\opc\backend\node_modules\@fastify\rate-limit\index.js:333:18)
