warn The configuration property `package.json#prisma` is deprecated and will be removed in Prisma 7. Please migrate to a Prisma config file (e.g., `prisma.config.ts`).
For more information, see: https://pris.ly/prisma-config

Environment variables loaded from .env
D:\OneDrive\桌面\opc1.1\opc\backend\node_modules\@prisma\client\src\runtime\core\engines\library\LibraryEngine.ts:440
          throw new PrismaClientInitializationError(error.message, this.config.clientVersion!, error.error_code)
                ^
PrismaClientInitializationError: Can't reach database server at `127.0.0.1:5433`

Please make sure your database server is running at `127.0.0.1:5433`.
    at r (D:\OneDrive\桌面\opc1.1\opc\backend\node_modules\@prisma\client\src\runtime\core\engines\library\LibraryEngine.ts:440:17)
    at async Proxy.onModuleInit (D:\OneDrive\桌面\opc1.1\opc\backend\src\shared\prisma.service.ts:7:5)
    at async Promise.all (index 0)
    at async callModuleInitHook (D:\OneDrive\桌面\opc1.1\opc\backend\node_modules\@nestjs\core\hooks\on-module-init.hook.js:43:5)
    at async NestApplication.callInitHook (D:\OneDrive\桌面\opc1.1\opc\backend\node_modules\@nestjs\core\nest-application-context.js:252:13)
    at async NestApplication.init (D:\OneDrive\桌面\opc1.1\opc\backend\node_modules\@nestjs\core\nest-application.js:103:9)
    at async NestApplication.listen (D:\OneDrive\桌面\opc1.1\opc\backend\node_modules\@nestjs\core\nest-application.js:175:13)
    at async bootstrap (D:\OneDrive\桌面\opc1.1\opc\backend\src\main.ts:70:3) {
  clientVersion: '6.17.1',
  errorCode: 'P1001',
  retryable: undefined
}
