warn The configuration property `package.json#prisma` is deprecated and will be removed in Prisma 7. Please migrate to a Prisma config file (e.g., `prisma.config.ts`).
For more information, see: https://pris.ly/prisma-config

Environment variables loaded from .env
[31m[Nest] 13264  - [39m2026/04/20 14:57:38 [31m  ERROR[39m [38;5;3m[GlobalHttpExceptionFilter] [39m[31mPOST /router/sessions/cmo6uepfr0003hw8gjixvt1o5/stream/start failed[39m
ServiceUnavailableException: Dify request failed: Access token is invalid
    at RouterService.generateAssistantReply (D:\OneDrive\жЎЊйќў\opc1.1\opc\backend\src\router\router.service.ts:2345:17)
    at processTicksAndRejections (node:internal/process/task_queues:104:5)
    at async D:\OneDrive\жЎЊйќў\opc1.1\opc\backend\src\router\router.service.ts:485:25
    at async RouterService.startStream (D:\OneDrive\жЎЊйќў\opc1.1\opc\backend\src\router\router.service.ts:465:9)
    at async D:\OneDrive\жЎЊйќў\opc1.1\opc\backend\node_modules\@nestjs\core\router\router-execution-context.js:46:28
    at async Object.<anonymous> (D:\OneDrive\жЎЊйќў\opc1.1\opc\backend\node_modules\@nestjs\core\router\router-proxy.js:9:17)
[31m[Nest] 13264  - [39m2026/04/20 14:57:39 [31m  ERROR[39m [38;5;3m[GlobalHttpExceptionFilter] [39m[31mPOST /router/sessions/cmo6uepfr0003hw8gjixvt1o5/stream/start failed[39m
ServiceUnavailableException: Dify is unavailable
    at RouterService.generateAssistantReply (D:\OneDrive\жЎЊйќў\opc1.1\opc\backend\src\router\router.service.ts:2364:11)
    at async D:\OneDrive\жЎЊйќў\opc1.1\opc\backend\src\router\router.service.ts:485:25
    at async RouterService.startStream (D:\OneDrive\жЎЊйќў\opc1.1\opc\backend\src\router\router.service.ts:465:9)
    at async D:\OneDrive\жЎЊйќў\opc1.1\opc\backend\node_modules\@nestjs\core\router\router-execution-context.js:46:28
    at async Object.<anonymous> (D:\OneDrive\жЎЊйќў\opc1.1\opc\backend\node_modules\@nestjs\core\router\router-proxy.js:9:17)
[31m[Nest] 13264  - [39m2026/04/20 14:57:40 [31m  ERROR[39m [38;5;3m[GlobalHttpExceptionFilter] [39m[31mPOST /router/sessions/cmo6uepfr0003hw8gjixvt1o5/stream/start failed[39m
ServiceUnavailableException: Dify is unavailable
    at RouterService.generateAssistantReply (D:\OneDrive\жЎЊйќў\opc1.1\opc\backend\src\router\router.service.ts:2364:11)
    at async D:\OneDrive\жЎЊйќў\opc1.1\opc\backend\src\router\router.service.ts:485:25
    at async RouterService.startStream (D:\OneDrive\жЎЊйќў\opc1.1\opc\backend\src\router\router.service.ts:465:9)
    at async D:\OneDrive\жЎЊйќў\opc1.1\opc\backend\node_modules\@nestjs\core\router\router-execution-context.js:46:28
    at async Object.<anonymous> (D:\OneDrive\жЎЊйќў\opc1.1\opc\backend\node_modules\@nestjs\core\router\router-proxy.js:9:17)
[31m[Nest] 13264  - [39m2026/04/20 14:57:41 [31m  ERROR[39m [38;5;3m[GlobalHttpExceptionFilter] [39m[31mPOST /router/sessions/cmo6uepfr0003hw8gjixvt1o5/stream/start failed[39m
ServiceUnavailableException: Dify is unavailable
    at RouterService.generateAssistantReply (D:\OneDrive\жЎЊйќў\opc1.1\opc\backend\src\router\router.service.ts:2364:11)
    at async D:\OneDrive\жЎЊйќў\opc1.1\opc\backend\src\router\router.service.ts:485:25
    at async RouterService.startStream (D:\OneDrive\жЎЊйќў\opc1.1\opc\backend\src\router\router.service.ts:465:9)
    at async D:\OneDrive\жЎЊйќў\opc1.1\opc\backend\node_modules\@nestjs\core\router\router-execution-context.js:46:28
    at async Object.<anonymous> (D:\OneDrive\жЎЊйќў\opc1.1\opc\backend\node_modules\@nestjs\core\router\router-proxy.js:9:17)
[31m[Nest] 13264  - [39m2026/04/20 14:57:41 [31m  ERROR[39m [38;5;3m[GlobalHttpExceptionFilter] [39m[31mPOST /router/sessions/cmo6uepfr0003hw8gjixvt1o5/stream/start failed[39m
ServiceUnavailableException: Dify is unavailable
    at RouterService.generateAssistantReply (D:\OneDrive\жЎЊйќў\opc1.1\opc\backend\src\router\router.service.ts:2364:11)
    at async D:\OneDrive\жЎЊйќў\opc1.1\opc\backend\src\router\router.service.ts:485:25
    at async RouterService.startStream (D:\OneDrive\жЎЊйќў\opc1.1\opc\backend\src\router\router.service.ts:465:9)
    at async D:\OneDrive\жЎЊйќў\opc1.1\opc\backend\node_modules\@nestjs\core\router\router-execution-context.js:46:28
    at async Object.<anonymous> (D:\OneDrive\жЎЊйќў\opc1.1\opc\backend\node_modules\@nestjs\core\router\router-proxy.js:9:17)
[31m[Nest] 13264  - [39m2026/04/20 14:57:43 [31m  ERROR[39m [38;5;3m[GlobalHttpExceptionFilter] [39m[31mPOST /router/sessions/cmo6uepfr0003hw8gjixvt1o5/stream/start failed[39m
ServiceUnavailableException: Dify is unavailable
    at RouterService.generateAssistantReply (D:\OneDrive\жЎЊйќў\opc1.1\opc\backend\src\router\router.service.ts:2364:11)
    at async D:\OneDrive\жЎЊйќў\opc1.1\opc\backend\src\router\router.service.ts:485:25
    at async RouterService.startStream (D:\OneDrive\жЎЊйќў\opc1.1\opc\backend\src\router\router.service.ts:465:9)
    at async D:\OneDrive\жЎЊйќў\opc1.1\opc\backend\node_modules\@nestjs\core\router\router-execution-context.js:46:28
    at async Object.<anonymous> (D:\OneDrive\жЎЊйќў\opc1.1\opc\backend\node_modules\@nestjs\core\router\router-proxy.js:9:17)
[31m[Nest] 13264  - [39m2026/04/20 14:57:44 [31m  ERROR[39m [38;5;3m[GlobalHttpExceptionFilter] [39m[31mPOST /router/sessions/cmo6uepfr0003hw8gjixvt1o5/stream/start failed[39m
ServiceUnavailableException: Dify is unavailable
    at RouterService.generateAssistantReply (D:\OneDrive\жЎЊйќў\opc1.1\opc\backend\src\router\router.service.ts:2364:11)
    at async D:\OneDrive\жЎЊйќў\opc1.1\opc\backend\src\router\router.service.ts:485:25
    at async RouterService.startStream (D:\OneDrive\жЎЊйќў\opc1.1\opc\backend\src\router\router.service.ts:465:9)
    at async D:\OneDrive\жЎЊйќў\opc1.1\opc\backend\node_modules\@nestjs\core\router\router-execution-context.js:46:28
    at async Object.<anonymous> (D:\OneDrive\жЎЊйќў\opc1.1\opc\backend\node_modules\@nestjs\core\router\router-proxy.js:9:17)
[31m[Nest] 13264  - [39m2026/04/20 14:57:44 [31m  ERROR[39m [38;5;3m[GlobalHttpExceptionFilter] [39m[31mPOST /router/sessions/cmo6uepfr0003hw8gjixvt1o5/stream/start failed[39m
ServiceUnavailableException: Dify is unavailable
    at RouterService.generateAssistantReply (D:\OneDrive\жЎЊйќў\opc1.1\opc\backend\src\router\router.service.ts:2364:11)
    at async D:\OneDrive\жЎЊйќў\opc1.1\opc\backend\src\router\router.service.ts:485:25
    at async RouterService.startStream (D:\OneDrive\жЎЊйќў\opc1.1\opc\backend\src\router\router.service.ts:465:9)
    at async D:\OneDrive\жЎЊйќў\opc1.1\opc\backend\node_modules\@nestjs\core\router\router-execution-context.js:46:28
    at async Object.<anonymous> (D:\OneDrive\жЎЊйќў\opc1.1\opc\backend\node_modules\@nestjs\core\router\router-proxy.js:9:17)
