
> opc-backend@0.1.0 predev
> prisma generate

Prisma schema loaded from prisma\schema.prisma

✔ Generated Prisma Client (v6.17.1) to .\node_modules\@prisma\client in 169ms

Start by importing your Prisma Client (See: https://pris.ly/d/importing-client)

Tip: Interested in query caching in just a few lines of code? Try Accelerate today! https://pris.ly/tip-3-accelerate


> opc-backend@0.1.0 dev
> ts-node --project tsconfig.json src/main.ts

[32m[Nest] 2276  - [39m2026/04/21 11:35:06 [32m    LOG[39m [38;5;3m[NestFactory] [39m[32mStarting Nest application...[39m
[32m[Nest] 2276  - [39m2026/04/21 11:35:06 [32m    LOG[39m [38;5;3m[InstanceLoader] [39m[32mJwtModule dependencies initialized[39m[38;5;3m +48ms[39m
[32m[Nest] 2276  - [39m2026/04/21 11:35:06 [32m    LOG[39m [38;5;3m[InstanceLoader] [39m[32mDiscoveryModule dependencies initialized[39m[38;5;3m +1ms[39m
[32m[Nest] 2276  - [39m2026/04/21 11:35:06 [32m    LOG[39m [38;5;3m[InstanceLoader] [39m[32mScheduleModule dependencies initialized[39m[38;5;3m +3ms[39m
[32m[Nest] 2276  - [39m2026/04/21 11:35:06 [32m    LOG[39m [38;5;3m[InstanceLoader] [39m[32mAppModule dependencies initialized[39m[38;5;3m +4ms[39m
[32m[Nest] 2276  - [39m2026/04/21 11:35:06 [32m    LOG[39m [38;5;3m[Startup] [39m[32mRuntime summary: {"nodeEnv":"development","appEnv":"unset","isReleaseLike":false,"enforceReleaseGuards":false,"allowDevFreshUserLogin":true,"hasWechatConfig":false}[39m
[32m[Nest] 2276  - [39m2026/04/21 11:35:06 [32m    LOG[39m [38;5;3m[RoutesResolver] [39m[32mAuthController {/}:[39m[38;5;3m +8ms[39m
[32m[Nest] 2276  - [39m2026/04/21 11:35:06 [32m    LOG[39m [38;5;3m[RouterExplorer] [39m[32mMapped {/auth/wechat-login, POST} route[39m[38;5;3m +2ms[39m
[32m[Nest] 2276  - [39m2026/04/21 11:35:06 [32m    LOG[39m [38;5;3m[RouterExplorer] [39m[32mMapped {/auth/refresh, POST} route[39m[38;5;3m +1ms[39m
[32m[Nest] 2276  - [39m2026/04/21 11:35:06 [32m    LOG[39m [38;5;3m[RouterExplorer] [39m[32mMapped {/auth/me, GET} route[39m[38;5;3m +1ms[39m
[32m[Nest] 2276  - [39m2026/04/21 11:35:06 [32m    LOG[39m [38;5;3m[RouterExplorer] [39m[32mMapped {/auth/logout, POST} route[39m[38;5;3m +0ms[39m
[32m[Nest] 2276  - [39m2026/04/21 11:35:06 [32m    LOG[39m [38;5;3m[RoutesResolver] [39m[32mBootstrapController {/}:[39m[38;5;3m +1ms[39m
[32m[Nest] 2276  - [39m2026/04/21 11:35:06 [32m    LOG[39m [38;5;3m[RouterExplorer] [39m[32mMapped {/, GET} route[39m[38;5;3m +0ms[39m
[32m[Nest] 2276  - [39m2026/04/21 11:35:06 [32m    LOG[39m [38;5;3m[RouterExplorer] [39m[32mMapped {/health, GET} route[39m[38;5;3m +0ms[39m
[32m[Nest] 2276  - [39m2026/04/21 11:35:06 [32m    LOG[39m [38;5;3m[RouterExplorer] [39m[32mMapped {/ready, GET} route[39m[38;5;3m +1ms[39m
[32m[Nest] 2276  - [39m2026/04/21 11:35:06 [32m    LOG[39m [38;5;3m[RouterExplorer] [39m[32mMapped {/favicon.ico, GET} route[39m[38;5;3m +1ms[39m
[32m[Nest] 2276  - [39m2026/04/21 11:35:06 [32m    LOG[39m [38;5;3m[RouterExplorer] [39m[32mMapped {/bootstrap, GET} route[39m[38;5;3m +0ms[39m
[32m[Nest] 2276  - [39m2026/04/21 11:35:06 [32m    LOG[39m [38;5;3m[RouterExplorer] [39m[32mMapped {/sidebar, GET} route[39m[38;5;3m +0ms[39m
[32m[Nest] 2276  - [39m2026/04/21 11:35:06 [32m    LOG[39m [38;5;3m[RouterExplorer] [39m[32mMapped {/profile, GET} route[39m[38;5;3m +1ms[39m
[32m[Nest] 2276  - [39m2026/04/21 11:35:06 [32m    LOG[39m [38;5;3m[RouterExplorer] [39m[32mMapped {/asset-inventory, GET} route[39m[38;5;3m +1ms[39m
[32m[Nest] 2276  - [39m2026/04/21 11:35:06 [32m    LOG[39m [38;5;3m[RoutesResolver] [39m[32mUserController {/}:[39m[38;5;3m +0ms[39m
[32m[Nest] 2276  - [39m2026/04/21 11:35:06 [32m    LOG[39m [38;5;3m[RouterExplorer] [39m[32mMapped {/user, GET} route[39m[38;5;3m +0ms[39m
[32m[Nest] 2276  - [39m2026/04/21 11:35:06 [32m    LOG[39m [38;5;3m[RouterExplorer] [39m[32mMapped {/user/profile, PATCH} route[39m[38;5;3m +0ms[39m
[32m[Nest] 2276  - [39m2026/04/21 11:35:06 [32m    LOG[39m [38;5;3m[RouterExplorer] [39m[32mMapped {/user/sidebar, GET} route[39m[38;5;3m +1ms[39m
[32m[Nest] 2276  - [39m2026/04/21 11:35:06 [32m    LOG[39m [38;5;3m[RoutesResolver] [39m[32mChatController {/}:[39m[38;5;3m +0ms[39m
[32m[Nest] 2276  - [39m2026/04/21 11:35:06 [32m    LOG[39m [38;5;3m[RouterExplorer] [39m[32mMapped {/chat/scenes/:sceneKey, GET} route[39m[38;5;3m +1ms[39m
[32m[Nest] 2276  - [39m2026/04/21 11:35:06 [32m    LOG[39m [38;5;3m[RouterExplorer] [39m[32mMapped {/chat/messages, POST} route[39m[38;5;3m +0ms[39m
[32m[Nest] 2276  - [39m2026/04/21 11:35:06 [32m    LOG[39m [38;5;3m[RouterExplorer] [39m[32mMapped {/chat/stream/start, POST} route[39m[38;5;3m +1ms[39m
[32m[Nest] 2276  - [39m2026/04/21 11:35:06 [32m    LOG[39m [38;5;3m[RouterExplorer] [39m[32mMapped {/chat/stream/:streamId, GET} route[39m[38;5;3m +0ms[39m
[32m[Nest] 2276  - [39m2026/04/21 11:35:06 [32m    LOG[39m [38;5;3m[RouterExplorer] [39m[32mMapped {/conversations/:conversationId, DELETE} route[39m[38;5;3m +0ms[39m
[32m[Nest] 2276  - [39m2026/04/21 11:35:06 [32m    LOG[39m [38;5;3m[RouterExplorer] [39m[32mMapped {/conversations, DELETE} route[39m[38;5;3m +1ms[39m
[32m[Nest] 2276  - [39m2026/04/21 11:35:06 [32m    LOG[39m [38;5;3m[RouterExplorer] [39m[32mMapped {/conversation/home, GET} route[39m[38;5;3m +0ms[39m
[32m[Nest] 2276  - [39m2026/04/21 11:35:06 [32m    LOG[39m [38;5;3m[RouterExplorer] [39m[32mMapped {/conversation/onboarding, GET} route[39m[38;5;3m +1ms[39m
[32m[Nest] 2276  - [39m2026/04/21 11:35:06 [32m    LOG[39m [38;5;3m[RouterExplorer] [39m[32mMapped {/conversation/ai, GET} route[39m[38;5;3m +0ms[39m
[32m[Nest] 2276  - [39m2026/04/21 11:35:06 [32m    LOG[39m [38;5;3m[RouterExplorer] [39m[32mMapped {/conversation/ip, GET} route[39m[38;5;3m +1ms[39m
[32m[Nest] 2276  - [39m2026/04/21 11:35:06 [32m    LOG[39m [38;5;3m[RoutesResolver] [39m[32mProjectController {/}:[39m[38;5;3m +0ms[39m
[32m[Nest] 2276  - [39m2026/04/21 11:35:06 [32m    LOG[39m [38;5;3m[RouterExplorer] [39m[32mMapped {/projects, GET} route[39m[38;5;3m +0ms[39m
[32m[Nest] 2276  - [39m2026/04/21 11:35:06 [32m    LOG[39m [38;5;3m[RouterExplorer] [39m[32mMapped {/projects, POST} route[39m[38;5;3m +1ms[39m
[32m[Nest] 2276  - [39m2026/04/21 11:35:06 [32m    LOG[39m [38;5;3m[RouterExplorer] [39m[32mMapped {/projects/:projectId, GET} route[39m[38;5;3m +0ms[39m
[32m[Nest] 2276  - [39m2026/04/21 11:35:06 [32m    LOG[39m [38;5;3m[RouterExplorer] [39m[32mMapped {/projects/:projectId, PATCH} route[39m[38;5;3m +1ms[39m
[32m[Nest] 2276  - [39m2026/04/21 11:35:06 [32m    LOG[39m [38;5;3m[RouterExplorer] [39m[32mMapped {/projects/:projectId, DELETE} route[39m[38;5;3m +0ms[39m
[32m[Nest] 2276  - [39m2026/04/21 11:35:06 [32m    LOG[39m [38;5;3m[RouterExplorer] [39m[32mMapped {/projects/:projectId/results, GET} route[39m[38;5;3m +1ms[39m
[32m[Nest] 2276  - [39m2026/04/21 11:35:06 [32m    LOG[39m [38;5;3m[RouterExplorer] [39m[32mMapped {/projects/:projectId/chat, POST} route[39m[38;5;3m +0ms[39m
[32m[Nest] 2276  - [39m2026/04/21 11:35:06 [32m    LOG[39m [38;5;3m[RouterExplorer] [39m[32mMapped {/results/:resultId, GET} route[39m[38;5;3m +1ms[39m
[32m[Nest] 2276  - [39m2026/04/21 11:35:06 [32m    LOG[39m [38;5;3m[RouterExplorer] [39m[32mMapped {/results/share, POST} route[39m[38;5;3m +0ms[39m
[32m[Nest] 2276  - [39m2026/04/21 11:35:06 [32m    LOG[39m [38;5;3m[RoutesResolver] [39m[32mCompanyController {/}:[39m[38;5;3m +0ms[39m
[32m[Nest] 2276  - [39m2026/04/21 11:35:06 [32m    LOG[39m [38;5;3m[RouterExplorer] [39m[32mMapped {/company/cards, GET} route[39m[38;5;3m +0ms[39m
[32m[Nest] 2276  - [39m2026/04/21 11:35:06 [32m    LOG[39m [38;5;3m[RouterExplorer] [39m[32mMapped {/company/panel, GET} route[39m[38;5;3m +1ms[39m
[32m[Nest] 2276  - [39m2026/04/21 11:35:06 [32m    LOG[39m [38;5;3m[RouterExplorer] [39m[32mMapped {/company/actions/:actionId, POST} route[39m[38;5;3m +0ms[39m
[32m[Nest] 2276  - [39m2026/04/21 11:35:06 [32m    LOG[39m [38;5;3m[RoutesResolver] [39m[32mTaskController {/}:[39m[38;5;3m +0ms[39m
[32m[Nest] 2276  - [39m2026/04/21 11:35:06 [32m    LOG[39m [38;5;3m[RouterExplorer] [39m[32mMapped {/tasks/daily, GET} route[39m[38;5;3m +1ms[39m
[32m[Nest] 2276  - [39m2026/04/21 11:35:06 [32m    LOG[39m [38;5;3m[RouterExplorer] [39m[32mMapped {/tasks/:taskId/complete, POST} route[39m[38;5;3m +0ms[39m
[32m[Nest] 2276  - [39m2026/04/21 11:35:06 [32m    LOG[39m [38;5;3m[RouterExplorer] [39m[32mMapped {/tasks/feedback, POST} route[39m[38;5;3m +0ms[39m
[32m[Nest] 2276  - [39m2026/04/21 11:35:06 [32m    LOG[39m [38;5;3m[RoutesResolver] [39m[32mGrowthController {/}:[39m[38;5;3m +0ms[39m
[32m[Nest] 2276  - [39m2026/04/21 11:35:06 [32m    LOG[39m [38;5;3m[RouterExplorer] [39m[32mMapped {/growth/tree, GET} route[39m[38;5;3m +1ms[39m
[32m[Nest] 2276  - [39m2026/04/21 11:35:06 [32m    LOG[39m [38;5;3m[RouterExplorer] [39m[32mMapped {/growth/milestones/current, GET} route[39m[38;5;3m +0ms[39m
[32m[Nest] 2276  - [39m2026/04/21 11:35:06 [32m    LOG[39m [38;5;3m[RouterExplorer] [39m[32mMapped {/growth/milestones/:milestoneId, GET} route[39m[38;5;3m +1ms[39m
[32m[Nest] 2276  - [39m2026/04/21 11:35:06 [32m    LOG[39m [38;5;3m[RoutesResolver] [39m[32mReportController {/}:[39m[38;5;3m +0ms[39m
[32m[Nest] 2276  - [39m2026/04/21 11:35:06 [32m    LOG[39m [38;5;3m[RouterExplorer] [39m[32mMapped {/reports/weekly, GET} route[39m[38;5;3m +1ms[39m
[32m[Nest] 2276  - [39m2026/04/21 11:35:06 [32m    LOG[39m [38;5;3m[RouterExplorer] [39m[32mMapped {/reports/monthly, GET} route[39m[38;5;3m +1ms[39m
[32m[Nest] 2276  - [39m2026/04/21 11:35:06 [32m    LOG[39m [38;5;3m[RouterExplorer] [39m[32mMapped {/reports/social-proof, GET} route[39m[38;5;3m +0ms[39m
[32m[Nest] 2276  - [39m2026/04/21 11:35:06 [32m    LOG[39m [38;5;3m[RouterExplorer] [39m[32mMapped {/milestone/current, GET} route[39m[38;5;3m +0ms[39m
[32m[Nest] 2276  - [39m2026/04/21 11:35:06 [32m    LOG[39m [38;5;3m[RouterExplorer] [39m[32mMapped {/tree/milestones, GET} route[39m[38;5;3m +1ms[39m
[32m[Nest] 2276  - [39m2026/04/21 11:35:06 [32m    LOG[39m [38;5;3m[RoutesResolver] [39m[32mShareController {/}:[39m[38;5;3m +0ms[39m
[32m[Nest] 2276  - [39m2026/04/21 11:35:06 [32m    LOG[39m [38;5;3m[RouterExplorer] [39m[32mMapped {/share/preview, GET} route[39m[38;5;3m +1ms[39m
[32m[Nest] 2276  - [39m2026/04/21 11:35:06 [32m    LOG[39m [38;5;3m[RouterExplorer] [39m[32mMapped {/share/generate-image, POST} route[39m[38;5;3m +0ms[39m
[32m[Nest] 2276  - [39m2026/04/21 11:35:06 [32m    LOG[39m [38;5;3m[RouterExplorer] [39m[32mMapped {/share/caption, POST} route[39m[38;5;3m +0ms[39m
[32m[Nest] 2276  - [39m2026/04/21 11:35:06 [32m    LOG[39m [38;5;3m[RouterExplorer] [39m[32mMapped {/share/posters/:posterId, GET} route[39m[38;5;3m +1ms[39m
[32m[Nest] 2276  - [39m2026/04/21 11:35:06 [32m    LOG[39m [38;5;3m[RoutesResolver] [39m[32mRouterController {/router}:[39m[38;5;3m +0ms[39m
[32m[Nest] 2276  - [39m2026/04/21 11:35:06 [32m    LOG[39m [38;5;3m[RouterExplorer] [39m[32mMapped {/router/sessions, POST} route[39m[38;5;3m +1ms[39m
[32m[Nest] 2276  - [39m2026/04/21 11:35:06 [32m    LOG[39m [38;5;3m[RouterExplorer] [39m[32mMapped {/router/sessions/:id, GET} route[39m[38;5;3m +0ms[39m
[32m[Nest] 2276  - [39m2026/04/21 11:35:06 [32m    LOG[39m [38;5;3m[RouterExplorer] [39m[32mMapped {/router/sessions/:id/asset-report/status, GET} route[39m[38;5;3m +0ms[39m
[32m[Nest] 2276  - [39m2026/04/21 11:35:06 [32m    LOG[39m [38;5;3m[RouterExplorer] [39m[32mMapped {/router/sessions/:id/stream/start, POST} route[39m[38;5;3m +1ms[39m
[32m[Nest] 2276  - [39m2026/04/21 11:35:06 [32m    LOG[39m [38;5;3m[RouterExplorer] [39m[32mMapped {/router/streams/:streamId, GET} route[39m[38;5;3m +0ms[39m
[32m[Nest] 2276  - [39m2026/04/21 11:35:06 [32m    LOG[39m [38;5;3m[RouterExplorer] [39m[32mMapped {/router/streams/:streamId/cancel, POST} route[39m[38;5;3m +1ms[39m
[32m[Nest] 2276  - [39m2026/04/21 11:35:06 [32m    LOG[39m [38;5;3m[RouterExplorer] [39m[32mMapped {/router/sessions/:id/agent-switch, POST} route[39m[38;5;3m +1ms[39m
[32m[Nest] 2276  - [39m2026/04/21 11:35:06 [32m    LOG[39m [38;5;3m[RouterExplorer] [39m[32mMapped {/router/sessions/:id/quick-reply, POST} route[39m[38;5;3m +0ms[39m
[32m[Nest] 2276  - [39m2026/04/21 11:35:06 [32m    LOG[39m [38;5;3m[RouterExplorer] [39m[32mMapped {/router/sessions/:id/memory/inject-preview, POST} route[39m[38;5;3m +0ms[39m
[32m[Nest] 2276  - [39m2026/04/21 11:35:06 [32m    LOG[39m [38;5;3m[NestApplication] [39m[32mNest application successfully started[39m[38;5;3m +94ms[39m
{"level":30,"time":1776742506335,"pid":2276,"hostname":"顿顿的Matebook14s","msg":"Server listening at http://127.0.0.1:3000"}
{"level":30,"time":1776742506336,"pid":2276,"hostname":"顿顿的Matebook14s","msg":"Server listening at http://198.18.0.1:3000"}
{"level":30,"time":1776742506336,"pid":2276,"hostname":"顿顿的Matebook14s","msg":"Server listening at http://192.168.10.85:3000"}
{"level":30,"time":1776742507235,"pid":2276,"hostname":"顿顿的Matebook14s","reqId":"req-1","req":{"method":"GET","url":"/","host":"127.0.0.1:3000","remoteAddress":"127.0.0.1","remotePort":49369},"msg":"incoming request"}
{"level":30,"time":1776742507239,"pid":2276,"hostname":"顿顿的Matebook14s","reqId":"req-1","res":{"statusCode":200},"responseTime":3.7016000002622604,"msg":"request completed"}
